<?xml version="1.0" encoding="UTF-8" ?>
<testsuite errors="0" failures="0" hostname="Brandon-PC" name="tests.CalculatorTest" tests="4" time="0.109" timestamp="2014-04-08T10:19:14">
  <properties>
[...]
</properties>
  <testcase classname="tests.CalculatorTest" name="testAdd" time="0.0" />
  <testcase classname="tests.CalculatorTest" name="testSubtract" time="0.0" />
  <testcase classname="tests.CalculatorTest" name="testMultiply" time="0.0" />
  <testcase classname="tests.CalculatorTest" name="testDivide" time="0.0" />
  <system-out><![CDATA[]]></system-out>
  <system-err><![CDATA[]]></system-err>
</testsuite>
